<?xml version="1.0" encoding="UTF-8"?>
<!-- Generated by org.testng.reporters.JUnitReportReporter -->
<testsuite hostname="SZ-SSSH-0550A" name="com.testmvn.TestCase" tests="1" failures="0" timestamp="24 Nov 2018 12:49:41 GMT" time="118.244" errors="0">
  <testcase name="testCreateOrder" time="118.244" classname="com.testmvn.TestCase"/>
</testsuite> <!-- com.testmvn.TestCase -->
