<?xml version="1.0" encoding="UTF-8"?>
<!-- Generated by org.testng.reporters.JUnitReportReporter -->
<testsuite hostname="SZ-SSSH-0550A" name="com.testmvn.NewTest" tests="1" failures="0" timestamp="23 Nov 2018 15:32:31 GMT" time="89.855" errors="0">
  <testcase name="testMyMarkets" time="89.855" classname="com.testmvn.NewTest"/>
</testsuite> <!-- com.testmvn.NewTest -->
