<?xml version="1.0" encoding="UTF-8"?>
<!-- Generated by org.testng.reporters.JUnitReportReporter -->
<testsuite hostname="SZ-SSSH-0550A" name="com.testmvn.TestCase2" tests="1" failures="0" timestamp="11 Feb 2019 08:49:09 GMT" time="228.730" errors="0">
  <testcase name="testHomeSign" time="228.730" classname="com.testmvn.TestCase2"/>
</testsuite> <!-- com.testmvn.TestCase2 -->
